Determining if the pthread_create exist failed with the following output:
Change Dir: /home/nvidia/camera1394stereo/CMakeFiles/CMakeTmp

Run Build Command:"/usr/bin/make" "cmTC_686d0/fast"
/usr/bin/make -f CMakeFiles/cmTC_686d0.dir/build.make CMakeFiles/cmTC_686d0.dir/build
make[1]: Entering directory '/home/nvidia/camera1394stereo/CMakeFiles/CMakeTmp'
Building C object CMakeFiles/cmTC_686d0.dir/CheckSymbolExists.c.o
/usr/bin/cc     -o CMakeFiles/cmTC_686d0.dir/CheckSymbolExists.c.o   -c /home/nvidia/camera1394stereo/CMakeFiles/CMakeTmp/CheckSymbolExists.c
Linking C executable cmTC_686d0
/usr/bin/cmake -E cmake_link_script CMakeFiles/cmTC_686d0.dir/link.txt --verbose=1
/usr/bin/cc       CMakeFiles/cmTC_686d0.dir/CheckSymbolExists.c.o  -o cmTC_686d0 -rdynamic 
CMakeFiles/cmTC_686d0.dir/CheckSymbolExists.c.o: In function `main':
CheckSymbolExists.c:(.text+0x14): undefined reference to `pthread_create'
CheckSymbolExists.c:(.text+0x18): undefined reference to `pthread_create'
collect2: error: ld returned 1 exit status
CMakeFiles/cmTC_686d0.dir/build.make:97: recipe for target 'cmTC_686d0' failed
make[1]: *** [cmTC_686d0] Error 1
make[1]: Leaving directory '/home/nvidia/camera1394stereo/CMakeFiles/CMakeTmp'
Makefile:126: recipe for target 'cmTC_686d0/fast' failed
make: *** [cmTC_686d0/fast] Error 2

File /home/nvidia/camera1394stereo/CMakeFiles/CMakeTmp/CheckSymbolExists.c:
/* */
#include <pthread.h>

int main(int argc, char** argv)
{
  (void)argv;
#ifndef pthread_create
  return ((int*)(&pthread_create))[argc];
#else
  (void)argc;
  return 0;
#endif
}

Determining if the function pthread_create exists in the pthreads failed with the following output:
Change Dir: /home/nvidia/camera1394stereo/CMakeFiles/CMakeTmp

Run Build Command:"/usr/bin/make" "cmTC_56ad2/fast"
/usr/bin/make -f CMakeFiles/cmTC_56ad2.dir/build.make CMakeFiles/cmTC_56ad2.dir/build
make[1]: Entering directory '/home/nvidia/camera1394stereo/CMakeFiles/CMakeTmp'
Building C object CMakeFiles/cmTC_56ad2.dir/CheckFunctionExists.c.o
/usr/bin/cc    -DCHECK_FUNCTION_EXISTS=pthread_create   -o CMakeFiles/cmTC_56ad2.dir/CheckFunctionExists.c.o   -c /usr/share/cmake-3.5/Modules/CheckFunctionExists.c
Linking C executable cmTC_56ad2
/usr/bin/cmake -E cmake_link_script CMakeFiles/cmTC_56ad2.dir/link.txt --verbose=1
/usr/bin/cc   -DCHECK_FUNCTION_EXISTS=pthread_create    CMakeFiles/cmTC_56ad2.dir/CheckFunctionExists.c.o  -o cmTC_56ad2 -rdynamic -lpthreads 
/usr/bin/ld: cannot find -lpthreads
collect2: error: ld returned 1 exit status
CMakeFiles/cmTC_56ad2.dir/build.make:97: recipe for target 'cmTC_56ad2' failed
make[1]: *** [cmTC_56ad2] Error 1
make[1]: Leaving directory '/home/nvidia/camera1394stereo/CMakeFiles/CMakeTmp'
Makefile:126: recipe for target 'cmTC_56ad2/fast' failed
make: *** [cmTC_56ad2/fast] Error 2


